Started GET "/" for 127.0.0.1 at 2018-09-13 08:45:55 -0500
Processing by Rails::WelcomeController#index as HTML
  Rendering /Users/jordanluft/.rvm/gems/ruby-2.4.4/gems/railties-5.2.1/lib/rails/templates/rails/welcome/index.html.erb
  Rendered /Users/jordanluft/.rvm/gems/ruby-2.4.4/gems/railties-5.2.1/lib/rails/templates/rails/welcome/index.html.erb (2.4ms)
Completed 200 OK in 19ms (Views: 9.0ms | ActiveRecord: 0.0ms)


  [1m[35m (0.1ms)[0m  [1m[34mSELECT sqlite_version(*)[0m
  ↳ bin/rails:9
  [1m[35m (1.1ms)[0m  [1m[35mCREATE TABLE "schema_migrations" ("version" varchar NOT NULL PRIMARY KEY)[0m
  ↳ bin/rails:9
  [1m[35m (0.9ms)[0m  [1m[35mCREATE TABLE "ar_internal_metadata" ("key" varchar NOT NULL PRIMARY KEY, "value" varchar, "created_at" datetime NOT NULL, "updated_at" datetime NOT NULL)[0m
  ↳ bin/rails:9
  [1m[35m (0.1ms)[0m  [1m[34mSELECT "schema_migrations"."version" FROM "schema_migrations" ORDER BY "schema_migrations"."version" ASC[0m
  ↳ bin/rails:9
Migrating to CreateProducts (20180913135019)
  [1m[35m (0.1ms)[0m  [1m[36mbegin transaction[0m
  ↳ bin/rails:9
  [1m[35m (0.3ms)[0m  [1m[35mCREATE TABLE "products" ("id" integer PRIMARY KEY AUTOINCREMENT NOT NULL, "name" varchar, "price" decimal, "quantity" integer, "description" text, "brand" varchar, "rating" integer, "category_id" integer, "created_at" datetime NOT NULL, "updated_at" datetime NOT NULL)[0m
  ↳ db/migrate/20180913135019_create_products.rb:3
  [1m[36mActiveRecord::SchemaMigration Create (0.1ms)[0m  [1m[32mINSERT INTO "schema_migrations" ("version") VALUES (?)[0m  [["version", "20180913135019"]]
  ↳ bin/rails:9
  [1m[35m (0.8ms)[0m  [1m[36mcommit transaction[0m
  ↳ bin/rails:9
Migrating to CreateCategories (20180913135549)
  [1m[35m (0.1ms)[0m  [1m[36mbegin transaction[0m
  ↳ bin/rails:9
  [1m[35m (0.4ms)[0m  [1m[35mCREATE TABLE "categories" ("id" integer PRIMARY KEY AUTOINCREMENT NOT NULL, "name" varchar, "created_at" datetime NOT NULL, "updated_at" datetime NOT NULL)[0m
  ↳ db/migrate/20180913135549_create_categories.rb:3
  [1m[36mActiveRecord::SchemaMigration Create (0.1ms)[0m  [1m[32mINSERT INTO "schema_migrations" ("version") VALUES (?)[0m  [["version", "20180913135549"]]
  ↳ bin/rails:9
  [1m[35m (0.9ms)[0m  [1m[36mcommit transaction[0m
  ↳ bin/rails:9
  [1m[36mActiveRecord::InternalMetadata Load (0.2ms)[0m  [1m[34mSELECT  "ar_internal_metadata".* FROM "ar_internal_metadata" WHERE "ar_internal_metadata"."key" = ? LIMIT ?[0m  [["key", "environment"], ["LIMIT", 1]]
  ↳ bin/rails:9
  [1m[35m (0.0ms)[0m  [1m[36mbegin transaction[0m
  ↳ bin/rails:9
  [1m[36mActiveRecord::InternalMetadata Create (0.2ms)[0m  [1m[32mINSERT INTO "ar_internal_metadata" ("key", "value", "created_at", "updated_at") VALUES (?, ?, ?, ?)[0m  [["key", "environment"], ["value", "development"], ["created_at", "2018-09-13 13:56:14.190380"], ["updated_at", "2018-09-13 13:56:14.190380"]]
  ↳ bin/rails:9
  [1m[35m (0.7ms)[0m  [1m[36mcommit transaction[0m
  ↳ bin/rails:9
  [1m[35m (0.1ms)[0m  [1m[34mSELECT "schema_migrations"."version" FROM "schema_migrations" ORDER BY "schema_migrations"."version" ASC[0m
  ↳ bin/rails:9
  [1m[35m (0.1ms)[0m  [1m[34mSELECT "schema_migrations"."version" FROM "schema_migrations" ORDER BY "schema_migrations"."version" ASC[0m
  ↳ bin/rails:9
Migrating to AddImageToProducts (20180913142236)
  [1m[35m (0.0ms)[0m  [1m[36mbegin transaction[0m
  ↳ bin/rails:9
  [1m[35m (0.3ms)[0m  [1m[35mALTER TABLE "products" ADD "image" varchar[0m
  ↳ db/migrate/20180913142236_add_image_to_products.rb:3
  [1m[36mActiveRecord::SchemaMigration Create (0.1ms)[0m  [1m[32mINSERT INTO "schema_migrations" ("version") VALUES (?)[0m  [["version", "20180913142236"]]
  ↳ bin/rails:9
  [1m[35m (0.7ms)[0m  [1m[36mcommit transaction[0m
  ↳ bin/rails:9
  [1m[36mActiveRecord::InternalMetadata Load (0.1ms)[0m  [1m[34mSELECT  "ar_internal_metadata".* FROM "ar_internal_metadata" WHERE "ar_internal_metadata"."key" = ? LIMIT ?[0m  [["key", "environment"], ["LIMIT", 1]]
  ↳ bin/rails:9
  [1m[35m (0.1ms)[0m  [1m[36mbegin transaction[0m
  ↳ bin/rails:9
  [1m[35m (0.0ms)[0m  [1m[36mcommit transaction[0m
  ↳ bin/rails:9
  [1m[35m (0.1ms)[0m  [1m[34mSELECT "schema_migrations"."version" FROM "schema_migrations" ORDER BY "schema_migrations"."version" ASC[0m
  ↳ bin/rails:9
  [1m[35m (0.1ms)[0m  [1m[34mSELECT "schema_migrations"."version" FROM "schema_migrations" ORDER BY "schema_migrations"."version" ASC[0m
  ↳ bin/rails:9
  [1m[35m (0.1ms)[0m  [1m[36mbegin transaction[0m
  ↳ db/seeds.rb:9
  [1m[36mCategory Create (0.5ms)[0m  [1m[32mINSERT INTO "categories" ("name", "created_at", "updated_at") VALUES (?, ?, ?)[0m  [["name", "Computers"], ["created_at", "2018-09-13 14:51:37.763325"], ["updated_at", "2018-09-13 14:51:37.763325"]]
  ↳ db/seeds.rb:9
  [1m[35m (0.8ms)[0m  [1m[36mcommit transaction[0m
  ↳ db/seeds.rb:9
  [1m[35m (0.0ms)[0m  [1m[36mbegin transaction[0m
  ↳ db/seeds.rb:9
  [1m[36mCategory Create (0.5ms)[0m  [1m[32mINSERT INTO "categories" ("name", "created_at", "updated_at") VALUES (?, ?, ?)[0m  [["name", "Smart Phones"], ["created_at", "2018-09-13 14:51:37.766394"], ["updated_at", "2018-09-13 14:51:37.766394"]]
  ↳ db/seeds.rb:9
  [1m[35m (0.9ms)[0m  [1m[36mcommit transaction[0m
  ↳ db/seeds.rb:9
  [1m[35m (0.0ms)[0m  [1m[36mbegin transaction[0m
  ↳ db/seeds.rb:9
  [1m[36mCategory Create (0.5ms)[0m  [1m[32mINSERT INTO "categories" ("name", "created_at", "updated_at") VALUES (?, ?, ?)[0m  [["name", "Televisions"], ["created_at", "2018-09-13 14:51:37.769708"], ["updated_at", "2018-09-13 14:51:37.769708"]]
  ↳ db/seeds.rb:9
  [1m[35m (1.0ms)[0m  [1m[36mcommit transaction[0m
  ↳ db/seeds.rb:9
  [1m[35m (0.0ms)[0m  [1m[36mbegin transaction[0m
  ↳ db/seeds.rb:9
  [1m[36mCategory Create (0.7ms)[0m  [1m[32mINSERT INTO "categories" ("name", "created_at", "updated_at") VALUES (?, ?, ?)[0m  [["name", "Game Consoles"], ["created_at", "2018-09-13 14:51:37.772498"], ["updated_at", "2018-09-13 14:51:37.772498"]]
  ↳ db/seeds.rb:9
  [1m[35m (0.9ms)[0m  [1m[36mcommit transaction[0m
  ↳ db/seeds.rb:9
  [1m[35m (0.0ms)[0m  [1m[36mbegin transaction[0m
  ↳ db/seeds.rb:9
  [1m[36mCategory Create (0.4ms)[0m  [1m[32mINSERT INTO "categories" ("name", "created_at", "updated_at") VALUES (?, ?, ?)[0m  [["name", "Video Games"], ["created_at", "2018-09-13 14:51:37.775261"], ["updated_at", "2018-09-13 14:51:37.775261"]]
  ↳ db/seeds.rb:9
  [1m[35m (0.8ms)[0m  [1m[36mcommit transaction[0m
  ↳ db/seeds.rb:9
  [1m[35m (0.0ms)[0m  [1m[36mbegin transaction[0m
  ↳ db/seeds.rb:9
  [1m[36mCategory Create (0.3ms)[0m  [1m[32mINSERT INTO "categories" ("name", "created_at", "updated_at") VALUES (?, ?, ?)[0m  [["name", "Appliances"], ["created_at", "2018-09-13 14:51:37.777873"], ["updated_at", "2018-09-13 14:51:37.777873"]]
  ↳ db/seeds.rb:9
  [1m[35m (0.7ms)[0m  [1m[36mcommit transaction[0m
  ↳ db/seeds.rb:9
  [1m[35m (0.1ms)[0m  [1m[36mbegin transaction[0m
  ↳ db/seeds.rb:9
  [1m[36mCategory Create (0.4ms)[0m  [1m[32mINSERT INTO "categories" ("name", "created_at", "updated_at") VALUES (?, ?, ?)[0m  [["name", "Other"], ["created_at", "2018-09-13 14:51:37.779866"], ["updated_at", "2018-09-13 14:51:37.779866"]]
  ↳ db/seeds.rb:9
  [1m[35m (0.7ms)[0m  [1m[36mcommit transaction[0m
  ↳ db/seeds.rb:9
Started GET "/" for 127.0.0.1 at 2018-09-13 10:19:41 -0500
  [1m[35m (0.1ms)[0m  [1m[34mSELECT "schema_migrations"."version" FROM "schema_migrations" ORDER BY "schema_migrations"."version" ASC[0m
  ↳ /Users/jordanluft/.rvm/gems/ruby-2.4.4/gems/activerecord-5.2.1/lib/active_record/log_subscriber.rb:98
Processing by ProductsController#index as HTML
  Rendering products/index.html.erb within layouts/application
  [1m[36mProduct Load (0.1ms)[0m  [1m[34mSELECT "products".* FROM "products"[0m
  ↳ app/views/products/index.html.erb:20
  Rendered products/index.html.erb within layouts/application (2.6ms)
Completed 200 OK in 3247ms (Views: 3230.6ms | ActiveRecord: 0.3ms)


Started GET "/products/new" for 127.0.0.1 at 2018-09-13 10:20:37 -0500
Processing by ProductsController#new as HTML
  Rendering products/new.html.erb within layouts/application
  [1m[36mCategory Load (0.2ms)[0m  [1m[34mSELECT "categories".* FROM "categories"[0m
  ↳ app/views/products/_form.html.erb:45
  Rendered products/_form.html.erb (33.2ms)
  Rendered products/new.html.erb within layouts/application (36.2ms)
Completed 200 OK in 127ms (Views: 95.7ms | ActiveRecord: 1.0ms)


